#
# A fatal error has been detected by the Java Runtime Environment:
#
#  Internal Error (javaCalls.cpp:51), pid=8112, tid=0x0000000000002cf4
#  guarantee(thread->is_Java_thread()) failed: crucial check - the VM thread cannot and must not escape to Java code
#
# JRE version: Java(TM) SE Runtime Environment (8.0_261-b12) (build 1.8.0_261-b12)
# Java VM: Java HotSpot(TM) 64-Bit Server VM (25.261-b12 mixed mode windows-amd64 compressed oops)
# Failed to write core dump. Minidumps are not enabled by default on client versions of Windows
#
# If you would like to submit a bug report, please visit:
#   http://bugreport.java.com/bugreport/crash.jsp
#

---------------  T H R E A D  ---------------

Current thread (0x000002004dabb000):  VMThread [stack: 0x000000357e400000,0x000000357e500000] [id=11508]

Stack: [0x000000357e400000,0x000000357e500000]
Native frames: (J=compiled Java code, j=interpreted, Vv=VM code, C=native code)
V  [jvm.dll+0x33e5f9]
V  [jvm.dll+0x2850e2]
V  [jvm.dll+0x285d8d]
V  [jvm.dll+0x27c817]
V  [jvm.dll+0x21aedd]
V  [jvm.dll+0x21b527]
V  [jvm.dll+0x33e512]
V  [jvm.dll+0x21bb51]
V  [jvm.dll+0x27d995]
V  [jvm.dll+0x27dbdd]
V  [jvm.dll+0x27dd29]
V  [jvm.dll+0x11aa58]
V  [jvm.dll+0x1165e4]
V  [jvm.dll+0x1184a9]
V  [jvm.dll+0x118cee]
V  [jvm.dll+0x11635a]
V  [jvm.dll+0x1154ea]
V  [jvm.dll+0xdccbb]
V  [jvm.dll+0xdd753]
V  [jvm.dll+0x1222f4]
V  [jvm.dll+0x145520]
V  [jvm.dll+0x1c9491]
V  [jvm.dll+0x255637]
V  [jvm.dll+0x253da5]
V  [jvm.dll+0x25451c]
V  [jvm.dll+0x25482c]
V  [jvm.dll+0x2a1cfc]
C  [ucrtbase.dll+0x210b2]
C  [KERNEL32.DLL+0x17c24]
C  [ntdll.dll+0x6d721]

VM_Operation (0x000000357e9ff8f0): GetOrSetLocal, mode: safepoint, requested by thread 0x000002004db2f800


---------------  P R O C E S S  ---------------

Java Threads: ( => current thread )
  0x0000020051242800 JavaThread "OkHttp ConnectionPool" daemon [_thread_blocked, id=9552, stack(0x000000357dd00000,0x000000357de00000)]
  0x0000020051247000 JavaThread "Okio Watchdog" daemon [_thread_blocked, id=13328, stack(0x000000357fc00000,0x000000357fd00000)]
  0x00000200519eb000 JavaThread "Exec Stream Pumper" daemon [_thread_in_native, id=7384, stack(0x000000357f600000,0x000000357f700000)]
  0x00000200519ea800 JavaThread "Exec Stream Pumper" daemon [_thread_in_native, id=10048, stack(0x000000357f500000,0x000000357f600000)]
  0x00000200510ab800 JavaThread "Exec Default Executor" daemon [_thread_in_native, id=6168, stack(0x000000357f300000,0x000000357f400000)]
  0x000002004f979000 JavaThread "ReaderThread" [_thread_in_native, id=13084, stack(0x000000357f200000,0x000000357f300000)]
  0x000002004dbc7000 JavaThread "Service Thread" daemon [_thread_blocked, id=9348, stack(0x000000357ef00000,0x000000357f000000)]
  0x000002004db53800 JavaThread "C1 CompilerThread2" daemon [_thread_blocked, id=8696, stack(0x000000357ee00000,0x000000357ef00000)]
  0x000002004db51800 JavaThread "C2 CompilerThread1" daemon [_thread_blocked, id=1276, stack(0x000000357ed00000,0x000000357ee00000)]
  0x000002004db4a000 JavaThread "C2 CompilerThread0" daemon [_thread_blocked, id=4584, stack(0x000000357ec00000,0x000000357ed00000)]
  0x000002004db38000 JavaThread "JDWP Command Reader" daemon [_thread_in_native, id=11728, stack(0x000000357eb00000,0x000000357ec00000)]
  0x000002004db36800 JavaThread "JDWP Event Helper Thread" daemon [_thread_blocked, id=13552, stack(0x000000357ea00000,0x000000357eb00000)]
  0x000002004db2f800 JavaThread "JDWP Transport Listener: dt_socket" daemon [_thread_blocked, id=11872, stack(0x000000357e900000,0x000000357ea00000)]
  0x000002004db0d800 JavaThread "Attach Listener" daemon [_thread_blocked, id=15484, stack(0x000000357e800000,0x000000357e900000)]
  0x000002004db0c800 JavaThread "Signal Dispatcher" daemon [_thread_blocked, id=7368, stack(0x000000357e700000,0x000000357e800000)]
  0x000002004daed000 JavaThread "Finalizer" daemon [_thread_blocked, id=7656, stack(0x000000357e600000,0x000000357e700000)]
  0x000002004dac3800 JavaThread "Reference Handler" daemon [_thread_blocked, id=8700, stack(0x000000357e500000,0x000000357e600000)]
  0x0000020037f92800 JavaThread "main" [_thread_blocked, id=14924, stack(0x000000357df00000,0x000000357e000000)]

Other Threads:
=>0x000002004dabb000 VMThread [stack: 0x000000357e400000,0x000000357e500000] [id=11508]
  0x000002004dc08000 WatcherThread [stack: 0x000000357f000000,0x000000357f100000] [id=4852]

VM state:at safepoint (normal execution)

VM Mutex/Monitor currently owned by a thread:  ([mutex/lock_event])
[0x0000020037f8f470] Threads_lock - owner thread: 0x000002004dabb000

heap address: 0x000000008ba00000, size: 1862 MB, Compressed Oops mode: 32-bit
Narrow klass base: 0x0000000000000000, Narrow klass shift: 3
Compressed class space size: 1073741824 Address: 0x0000000100000000

Heap:
 PSYoungGen      total 169984K, used 42475K [0x00000000d9380000, 0x00000000e5d00000, 0x0000000100000000)
  eden space 146944K, 20% used [0x00000000d9380000,0x00000000db0e5548,0x00000000e2300000)
  from space 23040K, 53% used [0x00000000e4680000,0x00000000e5295a28,0x00000000e5d00000)
  to   space 29696K, 0% used [0x00000000e2300000,0x00000000e2300000,0x00000000e4000000)
 ParOldGen       total 118272K, used 58887K [0x000000008ba00000, 0x0000000092d80000, 0x00000000d9380000)
  object space 118272K, 49% used [0x000000008ba00000,0x000000008f381d28,0x0000000092d80000)
 Metaspace       used 31551K, capacity 32466K, committed 32512K, reserved 1079296K
  class space    used 3334K, capacity 3561K, committed 3584K, reserved 1048576K

Card table byte_map: [0x0000020048ce0000,0x0000020049090000] byte_map_base: 0x0000020048883000

Marking Bits: (ParMarkBitMap*) 0x0000000061604fb0
 Begin Bits: [0x0000020049300000, 0x000002004b018000)
 End Bits:   [0x000002004b018000, 0x000002004cd30000)

Polling page: 0x00000200398f0000

CodeCache: size=245760Kb used=14049Kb max_used=14050Kb free=231710Kb
 bounds [0x0000020039920000, 0x000002003a6f0000, 0x0000020048920000]
 total_blobs=4599 nmethods=4087 adapters=432
 compilation: enabled

Compilation events (10 events):
Event: 1553.830 Thread 0x000002004db4a000 4931 %     4       okhttp3.internal.Util::delimiterOffset @ 3 (30 bytes)
Event: 1553.833 Thread 0x000002004db4a000 nmethod 4931% 0x000002003a0295d0 code [0x000002003a029720, 0x000002003a029a38]
Event: 1553.865 Thread 0x000002004db51800 4932       4       java.util.stream.ReferencePipeline$2::opWrapSink (10 bytes)
Event: 1553.867 Thread 0x000002004db51800 nmethod 4932 0x0000020039cd12d0 code [0x0000020039cd1420, 0x0000020039cd15b8]
Event: 1554.084 Thread 0x000002004db4a000 4933       4       java.util.stream.ReferencePipeline$2$1::begin (13 bytes)
Event: 1554.084 Thread 0x000002004db4a000 nmethod 4933 0x0000020039c2e590 code [0x0000020039c2e6c0, 0x0000020039c2e758]
Event: 1602.993 Thread 0x000002004db53800 4935       3       org.openqa.selenium.remote.Command::<init> (34 bytes)
Event: 1602.993 Thread 0x000002004db53800 nmethod 4935 0x000002003a6b1610 code [0x000002003a6b17a0, 0x000002003a6b1b98]
Event: 1602.993 Thread 0x000002004db53800 4934   !   3       org.openqa.selenium.remote.ErrorHandler::throwIfResponseFailed (531 bytes)
Event: 1602.998 Thread 0x000002004db53800 nmethod 4934 0x000002003a6e6710 code [0x000002003a6e6e60, 0x000002003a6eca70]

GC Heap History (10 events):
Event: 4.558 GC heap before
{Heap before GC invocations=7 (full 0):
 PSYoungGen      total 69120K, used 69112K [0x00000000d9380000, 0x00000000de480000, 0x0000000100000000)
  eden space 59904K, 100% used [0x00000000d9380000,0x00000000dce00000,0x00000000dce00000)
  from space 9216K, 99% used [0x00000000dd880000,0x00000000de17e288,0x00000000de180000)
  to   space 10752K, 0% used [0x00000000dce00000,0x00000000dce00000,0x00000000dd880000)
 ParOldGen       total 80896K, used 8491K [0x000000008ba00000, 0x0000000090900000, 0x00000000d9380000)
  object space 80896K, 10% used [0x000000008ba00000,0x000000008c24ae68,0x0000000090900000)
 Metaspace       used 20992K, capacity 21102K, committed 21296K, reserved 1069056K
  class space    used 2107K, capacity 2151K, committed 2176K, reserved 1048576K
Event: 4.589 GC heap after
Heap after GC invocations=7 (full 0):
 PSYoungGen      total 70656K, used 10720K [0x00000000d9380000, 0x00000000e3b80000, 0x0000000100000000)
  eden space 59904K, 0% used [0x00000000d9380000,0x00000000d9380000,0x00000000dce00000)
  from space 10752K, 99% used [0x00000000dce00000,0x00000000dd878150,0x00000000dd880000)
  to   space 26112K, 0% used [0x00000000e2200000,0x00000000e2200000,0x00000000e3b80000)
 ParOldGen       total 80896K, used 35692K [0x000000008ba00000, 0x0000000090900000, 0x00000000d9380000)
  object space 80896K, 44% used [0x000000008ba00000,0x000000008dcdb380,0x0000000090900000)
 Metaspace       used 20992K, capacity 21102K, committed 21296K, reserved 1069056K
  class space    used 2107K, capacity 2151K, committed 2176K, reserved 1048576K
}
Event: 4.931 GC heap before
{Heap before GC invocations=8 (full 0):
 PSYoungGen      total 70656K, used 52210K [0x00000000d9380000, 0x00000000e3b80000, 0x0000000100000000)
  eden space 59904K, 69% used [0x00000000d9380000,0x00000000dbc04700,0x00000000dce00000)
  from space 10752K, 99% used [0x00000000dce00000,0x00000000dd878150,0x00000000dd880000)
  to   space 26112K, 0% used [0x00000000e2200000,0x00000000e2200000,0x00000000e3b80000)
 ParOldGen       total 80896K, used 35692K [0x000000008ba00000, 0x0000000090900000, 0x00000000d9380000)
  object space 80896K, 44% used [0x000000008ba00000,0x000000008dcdb380,0x0000000090900000)
 Metaspace       used 21081K, capacity 21172K, committed 21296K, reserved 1069056K
  class space    used 2107K, capacity 2152K, committed 2176K, reserved 1048576K
Event: 5.018 GC heap after
Heap after GC invocations=8 (full 0):
 PSYoungGen      total 140288K, used 26080K [0x00000000d9380000, 0x00000000e4680000, 0x0000000100000000)
  eden space 114176K, 0% used [0x00000000d9380000,0x00000000d9380000,0x00000000e0300000)
  from space 26112K, 99% used [0x00000000e2200000,0x00000000e3b78150,0x00000000e3b80000)
  to   space 31744K, 0% used [0x00000000e0300000,0x00000000e0300000,0x00000000e2200000)
 ParOldGen       total 80896K, used 38086K [0x000000008ba00000, 0x0000000090900000, 0x00000000d9380000)
  object space 80896K, 47% used [0x000000008ba00000,0x000000008df319f8,0x0000000090900000)
 Metaspace       used 21081K, capacity 21172K, committed 21296K, reserved 1069056K
  class space    used 2107K, capacity 2152K, committed 2176K, reserved 1048576K
}
Event: 5.018 GC heap before
{Heap before GC invocations=9 (full 1):
 PSYoungGen      total 140288K, used 26080K [0x00000000d9380000, 0x00000000e4680000, 0x0000000100000000)
  eden space 114176K, 0% used [0x00000000d9380000,0x00000000d9380000,0x00000000e0300000)
  from space 26112K, 99% used [0x00000000e2200000,0x00000000e3b78150,0x00000000e3b80000)
  to   space 31744K, 0% used [0x00000000e0300000,0x00000000e0300000,0x00000000e2200000)
 ParOldGen       total 80896K, used 38086K [0x000000008ba00000, 0x0000000090900000, 0x00000000d9380000)
  object space 80896K, 47% used [0x000000008ba00000,0x000000008df319f8,0x0000000090900000)
 Metaspace       used 21081K, capacity 21172K, committed 21296K, reserved 1069056K
  class space    used 2107K, capacity 2152K, committed 2176K, reserved 1048576K
Event: 5.254 GC heap after
Heap after GC invocations=9 (full 1):
 PSYoungGen      total 140288K, used 0K [0x00000000d9380000, 0x00000000e4680000, 0x0000000100000000)
  eden space 114176K, 0% used [0x00000000d9380000,0x00000000d9380000,0x00000000e0300000)
  from space 26112K, 0% used [0x00000000e2200000,0x00000000e2200000,0x00000000e3b80000)
  to   space 31744K, 0% used [0x00000000e0300000,0x00000000e0300000,0x00000000e2200000)
 ParOldGen       total 118272K, used 58863K [0x000000008ba00000, 0x0000000092d80000, 0x00000000d9380000)
  object space 118272K, 49% used [0x000000008ba00000,0x000000008f37bd28,0x0000000092d80000)
 Metaspace       used 21081K, capacity 21172K, committed 21296K, reserved 1069056K
  class space    used 2107K, capacity 2152K, committed 2176K, reserved 1048576K
}
Event: 914.091 GC heap before
{Heap before GC invocations=10 (full 1):
 PSYoungGen      total 140288K, used 114176K [0x00000000d9380000, 0x00000000e4680000, 0x0000000100000000)
  eden space 114176K, 100% used [0x00000000d9380000,0x00000000e0300000,0x00000000e0300000)
  from space 26112K, 0% used [0x00000000e2200000,0x00000000e2200000,0x00000000e3b80000)
  to   space 31744K, 0% used [0x00000000e0300000,0x00000000e0300000,0x00000000e2200000)
 ParOldGen       total 118272K, used 58863K [0x000000008ba00000, 0x0000000092d80000, 0x00000000d9380000)
  object space 118272K, 49% used [0x000000008ba00000,0x000000008f37bd28,0x0000000092d80000)
 Metaspace       used 30255K, capacity 31092K, committed 31232K, reserved 1077248K
  class space    used 3308K, capacity 3510K, committed 3584K, reserved 1048576K
Event: 914.123 GC heap after
Heap after GC invocations=10 (full 1):
 PSYoungGen      total 145920K, used 16397K [0x00000000d9380000, 0x00000000e6500000, 0x0000000100000000)
  eden space 114176K, 0% used [0x00000000d9380000,0x00000000d9380000,0x00000000e0300000)
  from space 31744K, 51% used [0x00000000e0300000,0x00000000e1303470,0x00000000e2200000)
  to   space 31232K, 0% used [0x00000000e4680000,0x00000000e4680000,0x00000000e6500000)
 ParOldGen       total 118272K, used 58879K [0x000000008ba00000, 0x0000000092d80000, 0x00000000d9380000)
  object space 118272K, 49% used [0x000000008ba00000,0x000000008f37fd28,0x0000000092d80000)
 Metaspace       used 30255K, capacity 31092K, committed 31232K, reserved 1077248K
  class space    used 3308K, capacity 3510K, committed 3584K, reserved 1048576K
}
Event: 1418.989 GC heap before
{Heap before GC invocations=11 (full 1):
 PSYoungGen      total 145920K, used 130573K [0x00000000d9380000, 0x00000000e6500000, 0x0000000100000000)
  eden space 114176K, 100% used [0x00000000d9380000,0x00000000e0300000,0x00000000e0300000)
  from space 31744K, 51% used [0x00000000e0300000,0x00000000e1303470,0x00000000e2200000)
  to   space 31232K, 0% used [0x00000000e4680000,0x00000000e4680000,0x00000000e6500000)
 ParOldGen       total 118272K, used 58879K [0x000000008ba00000, 0x0000000092d80000, 0x00000000d9380000)
  object space 118272K, 49% used [0x000000008ba00000,0x000000008f37fd28,0x0000000092d80000)
 Metaspace       used 31197K, capacity 32078K, committed 32256K, reserved 1077248K
  class space    used 3333K, capacity 3561K, committed 3584K, reserved 1048576K
Event: 1419.001 GC heap after
Heap after GC invocations=11 (full 1):
 PSYoungGen      total 169984K, used 12374K [0x00000000d9380000, 0x00000000e5d00000, 0x0000000100000000)
  eden space 146944K, 0% used [0x00000000d9380000,0x00000000d9380000,0x00000000e2300000)
  from space 23040K, 53% used [0x00000000e4680000,0x00000000e5295a28,0x00000000e5d00000)
  to   space 29696K, 0% used [0x00000000e2300000,0x00000000e2300000,0x00000000e4000000)
 ParOldGen       total 118272K, used 58887K [0x000000008ba00000, 0x0000000092d80000, 0x00000000d9380000)
  object space 118272K, 49% used [0x000000008ba00000,0x000000008f381d28,0x0000000092d80000)
 Metaspace       used 31197K, capacity 32078K, committed 32256K, reserved 1077248K
  class space    used 3333K, capacity 3561K, committed 3584K, reserved 1048576K
}

Deoptimization events (10 events):
Event: 914.009 Thread 0x0000020037f92800 Uncommon trap: reason=unhandled action=none pc=0x0000020039af4c54 method=java.net.URLClassLoader.findClass(Ljava/lang/String;)Ljava/lang/Class; @ 44
Event: 1154.036 Thread 0x0000020037f92800 Uncommon trap: reason=array_check action=maybe_recompile pc=0x000002003a5ec5b0 method=java.util.AbstractCollection.toArray([Ljava/lang/Object;)[Ljava/lang/Object; @ 119
Event: 1154.036 Thread 0x0000020037f92800 Uncommon trap: reason=array_check action=maybe_recompile pc=0x000002003a5ec5b0 method=java.util.AbstractCollection.toArray([Ljava/lang/Object;)[Ljava/lang/Object; @ 119
Event: 1154.036 Thread 0x0000020037f92800 Uncommon trap: reason=array_check action=maybe_recompile pc=0x000002003a5ec5b0 method=java.util.AbstractCollection.toArray([Ljava/lang/Object;)[Ljava/lang/Object; @ 119
Event: 1154.036 Thread 0x0000020037f92800 Uncommon trap: reason=array_check action=maybe_recompile pc=0x000002003a5ec5b0 method=java.util.AbstractCollection.toArray([Ljava/lang/Object;)[Ljava/lang/Object; @ 119
Event: 1158.077 Thread 0x0000020037f92800 Uncommon trap: reason=unhandled action=none pc=0x0000020039af4c54 method=java.net.URLClassLoader.findClass(Ljava/lang/String;)Ljava/lang/Class; @ 44
Event: 1162.544 Thread 0x0000020037f92800 Uncommon trap: reason=unhandled action=none pc=0x0000020039af4c54 method=java.net.URLClassLoader.findClass(Ljava/lang/String;)Ljava/lang/Class; @ 44
Event: 1162.605 Thread 0x0000020037f92800 Uncommon trap: reason=class_check action=maybe_recompile pc=0x000002003a45cb60 method=java.util.TimSort.countRunAndMakeAscending([Ljava/lang/Object;IILjava/util/Comparator;)I @ 43
Event: 1162.605 Thread 0x0000020037f92800 Uncommon trap: reason=class_check action=maybe_recompile pc=0x000002003a45cb60 method=java.util.TimSort.countRunAndMakeAscending([Ljava/lang/Object;IILjava/util/Comparator;)I @ 43
Event: 1162.606 Thread 0x0000020037f92800 Uncommon trap: reason=unhandled action=none pc=0x0000020039af4c54 method=java.net.URLClassLoader.findClass(Ljava/lang/String;)Ljava/lang/Class; @ 44

Classes redefined (4 events):
Event: 1234.515 Thread 0x000002004dabb000 redefined class name=com.innroad.inncenter.pageobjects.ReservationV2, count=1
Event: 1333.517 Thread 0x000002004dabb000 redefined class name=com.innroad.inncenter.pageobjects.ReservationV2, count=2
Event: 1410.332 Thread 0x000002004dabb000 redefined class name=com.innroad.inncenter.pageobjects.ReservationV2, count=3
Event: 1545.336 Thread 0x000002004dabb000 redefined class name=com.innroad.inncenter.pageobjects.ReservationV2, count=4

Internal exceptions (10 events):
Event: 1419.187 Thread 0x0000020037f92800 Exception <a 'java/net/SocketTimeoutException': Read timed out> (0x00000000d9754db0) thrown at [C:\jenkins\workspace\8-2-build-windows-amd64-cygwin\jdk8u261\295\hotspot\src\share\vm\prims\jni.cpp, line 737]
Event: 1552.282 Thread 0x0000020037f92800 Exception <a 'java/net/SocketTimeoutException': Read timed out> (0x00000000da0a5560) thrown at [C:\jenkins\workspace\8-2-build-windows-amd64-cygwin\jdk8u261\295\hotspot\src\share\vm\prims\jni.cpp, line 737]
Event: 1552.312 Thread 0x0000020037f92800 Exception <a 'java/net/SocketTimeoutException': Read timed out> (0x00000000da5c6658) thrown at [C:\jenkins\workspace\8-2-build-windows-amd64-cygwin\jdk8u261\295\hotspot\src\share\vm\prims\jni.cpp, line 737]
Event: 1552.347 Thread 0x0000020037f92800 Exception <a 'java/net/SocketTimeoutException': Read timed out> (0x00000000da5e5d38) thrown at [C:\jenkins\workspace\8-2-build-windows-amd64-cygwin\jdk8u261\295\hotspot\src\share\vm\prims\jni.cpp, line 737]
Event: 1552.361 Thread 0x0000020037f92800 Exception <a 'java/net/SocketTimeoutException': Read timed out> (0x00000000da6046a0) thrown at [C:\jenkins\workspace\8-2-build-windows-amd64-cygwin\jdk8u261\295\hotspot\src\share\vm\prims\jni.cpp, line 737]
Event: 1552.371 Thread 0x0000020037f92800 Exception <a 'java/net/SocketTimeoutException': Read timed out> (0x00000000da618f50) thrown at [C:\jenkins\workspace\8-2-build-windows-amd64-cygwin\jdk8u261\295\hotspot\src\share\vm\prims\jni.cpp, line 737]
Event: 1552.383 Thread 0x0000020037f92800 Exception <a 'java/net/SocketTimeoutException': Read timed out> (0x00000000da6311d8) thrown at [C:\jenkins\workspace\8-2-build-windows-amd64-cygwin\jdk8u261\295\hotspot\src\share\vm\prims\jni.cpp, line 737]
Event: 1552.463 Thread 0x0000020037f92800 Exception <a 'java/net/SocketTimeoutException': Read timed out> (0x00000000da6456d8) thrown at [C:\jenkins\workspace\8-2-build-windows-amd64-cygwin\jdk8u261\295\hotspot\src\share\vm\prims\jni.cpp, line 737]
Event: 1602.976 Thread 0x0000020037f92800 Exception <a 'java/net/SocketTimeoutException': Read timed out> (0x00000000daece128) thrown at [C:\jenkins\workspace\8-2-build-windows-amd64-cygwin\jdk8u261\295\hotspot\src\share\vm\prims\jni.cpp, line 737]
Event: 1602.996 Thread 0x0000020037f92800 Exception <a 'java/net/SocketTimeoutException': Read timed out> (0x00000000daee63b0) thrown at [C:\jenkins\workspace\8-2-build-windows-amd64-cygwin\jdk8u261\295\hotspot\src\share\vm\prims\jni.cpp, line 737]

Events (10 events):
Event: 1603.508 Executing VM operation: GetOrSetLocal done
Event: 1603.508 Executing VM operation: GetOrSetLocal
Event: 1603.508 Executing VM operation: GetOrSetLocal done
Event: 1603.508 Executing VM operation: GetOrSetLocal
Event: 1603.509 Executing VM operation: GetOrSetLocal done
Event: 1603.509 Executing VM operation: GetOwnedMonitorInfo
Event: 1603.510 Executing VM operation: GetOwnedMonitorInfo done
Event: 1603.510 Executing VM operation: GetCurrentContendedMonitor
Event: 1603.510 Executing VM operation: GetCurrentContendedMonitor done
Event: 1603.520 Executing VM operation: GetOrSetLocal


Dynamic libraries:
0x00007ff79fe30000 - 0x00007ff79fe77000 	C:\Program Files\Java\jre1.8.0_261\bin\javaw.exe
0x00007ff96f840000 - 0x00007ff96fa30000 	C:\WINDOWS\SYSTEM32\ntdll.dll
0x00007ff96df70000 - 0x00007ff96e022000 	C:\WINDOWS\System32\KERNEL32.DLL
0x00007ff96d1d0000 - 0x00007ff96d475000 	C:\WINDOWS\System32\KERNELBASE.dll
0x00007ff96dec0000 - 0x00007ff96df63000 	C:\WINDOWS\System32\ADVAPI32.dll
0x00007ff96e4a0000 - 0x00007ff96e53e000 	C:\WINDOWS\System32\msvcrt.dll
0x00007ff96e7c0000 - 0x00007ff96e857000 	C:\WINDOWS\System32\sechost.dll
0x00007ff96dc60000 - 0x00007ff96dd7f000 	C:\WINDOWS\System32\RPCRT4.dll
0x00007ff96dac0000 - 0x00007ff96dc54000 	C:\WINDOWS\System32\USER32.dll
0x00007ff96c850000 - 0x00007ff96c871000 	C:\WINDOWS\System32\win32u.dll
0x00007ff96f1e0000 - 0x00007ff96f206000 	C:\WINDOWS\System32\GDI32.dll
0x00007ff96d030000 - 0x00007ff96d1c8000 	C:\WINDOWS\System32\gdi32full.dll
0x00007ff96d580000 - 0x00007ff96d61e000 	C:\WINDOWS\System32\msvcp_win.dll
0x00007ff96d480000 - 0x00007ff96d57a000 	C:\WINDOWS\System32\ucrtbase.dll
0x00007ff94f350000 - 0x00007ff94f5d4000 	C:\WINDOWS\WinSxS\amd64_microsoft.windows.common-controls_6595b64144ccf1df_6.0.18362.1379_none_9e7ff3b3e45cc0c4\COMCTL32.dll
0x00007ff96f210000 - 0x00007ff96f547000 	C:\WINDOWS\System32\combase.dll
0x00007ff96c7c0000 - 0x00007ff96c841000 	C:\WINDOWS\System32\bcryptPrimitives.dll
0x00007ff96d8f0000 - 0x00007ff96d91e000 	C:\WINDOWS\System32\IMM32.DLL
0x00007ff949560000 - 0x00007ff949575000 	C:\Program Files\Java\jre1.8.0_261\bin\vcruntime140.dll
0x00007ff93b1c0000 - 0x00007ff93b25b000 	C:\Program Files\Java\jre1.8.0_261\bin\msvcp140.dll
0x0000000060e10000 - 0x000000006167c000 	C:\Program Files\Java\jre1.8.0_261\bin\server\jvm.dll
0x00007ff96f780000 - 0x00007ff96f788000 	C:\WINDOWS\System32\PSAPI.DLL
0x00007ff966d80000 - 0x00007ff966d8a000 	C:\WINDOWS\SYSTEM32\VERSION.dll
0x00007ff969fb0000 - 0x00007ff969fd4000 	C:\WINDOWS\SYSTEM32\WINMM.dll
0x00007ff959170000 - 0x00007ff959179000 	C:\WINDOWS\SYSTEM32\WSOCK32.dll
0x00007ff96f790000 - 0x00007ff96f7ff000 	C:\WINDOWS\System32\WS2_32.dll
0x00007ff969ed0000 - 0x00007ff969efd000 	C:\WINDOWS\SYSTEM32\WINMMBASE.dll
0x00007ff96d880000 - 0x00007ff96d8ca000 	C:\WINDOWS\System32\cfgmgr32.dll
0x00007ff96c700000 - 0x00007ff96c711000 	C:\WINDOWS\System32\kernel.appcore.dll
0x00007ff959700000 - 0x00007ff959710000 	C:\Program Files\Java\jre1.8.0_261\bin\verify.dll
0x00007ff9511e0000 - 0x00007ff95120b000 	C:\Program Files\Java\jre1.8.0_261\bin\java.dll
0x00007ff947d30000 - 0x00007ff947d66000 	C:\Program Files\Java\jre1.8.0_261\bin\jdwp.dll
0x00007ff963420000 - 0x00007ff963429000 	C:\Program Files\Java\jre1.8.0_261\bin\npt.dll
0x00007ff952720000 - 0x00007ff952738000 	C:\Program Files\Java\jre1.8.0_261\bin\zip.dll
0x00007ff96ea40000 - 0x00007ff96f128000 	C:\WINDOWS\System32\SHELL32.dll
0x00007ff96f130000 - 0x00007ff96f1d7000 	C:\WINDOWS\System32\shcore.dll
0x00007ff96c880000 - 0x00007ff96cffb000 	C:\WINDOWS\System32\windows.storage.dll
0x00007ff96c720000 - 0x00007ff96c743000 	C:\WINDOWS\System32\profapi.dll
0x00007ff96c750000 - 0x00007ff96c79a000 	C:\WINDOWS\System32\powrprof.dll
0x00007ff96c6f0000 - 0x00007ff96c700000 	C:\WINDOWS\System32\UMPDC.dll
0x00007ff96e630000 - 0x00007ff96e682000 	C:\WINDOWS\System32\shlwapi.dll
0x00007ff96d8d0000 - 0x00007ff96d8e7000 	C:\WINDOWS\System32\cryptsp.dll
0x00007ff963390000 - 0x00007ff96339a000 	C:\Program Files\Java\jre1.8.0_261\bin\dt_socket.dll
0x00007ff957090000 - 0x00007ff9570a6000 	C:\WINDOWS\system32\napinsp.dll
0x00007ff9559a0000 - 0x00007ff9559ba000 	C:\WINDOWS\system32\pnrpnsp.dll
0x00007ff96be80000 - 0x00007ff96bee7000 	C:\WINDOWS\System32\mswsock.dll
0x00007ff96bbf0000 - 0x00007ff96bcbb000 	C:\WINDOWS\SYSTEM32\DNSAPI.dll
0x00007ff96e9d0000 - 0x00007ff96e9d8000 	C:\WINDOWS\System32\NSI.dll
0x00007ff96bba0000 - 0x00007ff96bbda000 	C:\WINDOWS\SYSTEM32\IPHLPAPI.DLL
0x00007ff955980000 - 0x00007ff95598e000 	C:\WINDOWS\System32\winrnr.dll
0x00007ff966310000 - 0x00007ff96632c000 	C:\WINDOWS\system32\NLAapi.dll
0x00007ff967360000 - 0x00007ff967375000 	C:\WINDOWS\system32\wshbth.dll
0x00007ff966df0000 - 0x00007ff966e67000 	C:\WINDOWS\System32\fwpuclnt.dll
0x00007ff96d000000 - 0x00007ff96d026000 	C:\WINDOWS\System32\bcrypt.dll
0x00007ff963490000 - 0x00007ff96349a000 	C:\Windows\System32\rasadhlp.dll
0x00007ff9498c0000 - 0x00007ff9498dc000 	C:\Program Files\Java\jre1.8.0_261\bin\net.dll
0x00007ff96ba10000 - 0x00007ff96ba43000 	C:\WINDOWS\system32\rsaenh.dll
0x00007ff96c610000 - 0x00007ff96c635000 	C:\WINDOWS\SYSTEM32\USERENV.dll
0x00007ff96c000000 - 0x00007ff96c00c000 	C:\WINDOWS\SYSTEM32\CRYPTBASE.dll
0x00007ff967d60000 - 0x00007ff967d76000 	C:\WINDOWS\SYSTEM32\dhcpcsvc6.DLL
0x00007ff967ce0000 - 0x00007ff967cfc000 	C:\WINDOWS\SYSTEM32\dhcpcsvc.DLL
0x00007ff945f00000 - 0x00007ff945f13000 	C:\Program Files\Java\jre1.8.0_261\bin\nio.dll
0x00007ff9524f0000 - 0x00007ff952514000 	C:\Program Files\Java\jre1.8.0_261\bin\sunec.dll
0x00007ff9691a0000 - 0x00007ff9691ad000 	C:\Program Files\Java\jre1.8.0_261\bin\sunmscapi.dll
0x00007ff96d730000 - 0x00007ff96d87a000 	C:\WINDOWS\System32\CRYPT32.dll
0x00007ff96c7a0000 - 0x00007ff96c7b2000 	C:\WINDOWS\System32\MSASN1.dll
0x00007ff96c100000 - 0x00007ff96c126000 	C:\WINDOWS\SYSTEM32\ncrypt.dll
0x00007ff96c0c0000 - 0x00007ff96c0fb000 	C:\WINDOWS\SYSTEM32\NTASN1.dll
0x00007ff96afa0000 - 0x00007ff96b194000 	C:\WINDOWS\SYSTEM32\dbghelp.dll

VM Arguments:
jvm_args: -agentlib:jdwp=transport=dt_socket,suspend=y,address=localhost:52691 -ea -Dfile.encoding=Cp1252 
java_command: org.testng.remote.RemoteTestNG -serport 52690 -protocol json -d D:\Tasks\CP_Sanity\AUTOMATION-2264\inncenter.centralpark.sanitysuite\test-output C:\Users\NAVEEN~1.BAN\AppData\Local\Temp\testng-eclipse-1863179684\testng-customsuite.xml
java_class_path (initial): D:\eclipse\eclipse\configuration\org.eclipse.osgi\1017\0\.cp\lib\testng-remote.jar;C:\Program Files\Java\jre1.8.0_261\lib\resources.jar;C:\Program Files\Java\jre1.8.0_261\lib\rt.jar;C:\Program Files\Java\jre1.8.0_261\lib\jsse.jar;C:\Program Files\Java\jre1.8.0_261\lib\jce.jar;C:\Program Files\Java\jre1.8.0_261\lib\charsets.jar;C:\Program Files\Java\jre1.8.0_261\lib\jfr.jar;C:\Program Files\Java\jre1.8.0_261\lib\ext\access-bridge-64.jar;C:\Program Files\Java\jre1.8.0_261\lib\ext\cldrdata.jar;C:\Program Files\Java\jre1.8.0_261\lib\ext\dnsns.jar;C:\Program Files\Java\jre1.8.0_261\lib\ext\jaccess.jar;C:\Program Files\Java\jre1.8.0_261\lib\ext\jfxrt.jar;C:\Program Files\Java\jre1.8.0_261\lib\ext\localedata.jar;C:\Program Files\Java\jre1.8.0_261\lib\ext\nashorn.jar;C:\Program Files\Java\jre1.8.0_261\lib\ext\sunec.jar;C:\Program Files\Java\jre1.8.0_261\lib\ext\sunjce_provider.jar;C:\Program Files\Java\jre1.8.0_261\lib\ext\sunmscapi.jar;C:\Program Files\Java\jre1.8.0_261\lib\ext\sunpkcs11.jar;C:\Program Files\Java\jre1.8.0_261\lib\ext\zipfs.jar;D:\Tasks\CP_Sanity\AUTOMATION-2264\inncenter.centralpark.sanitysuite\target\test-classes;D:\Tasks\CP_Sanity\AUTOMATION-2264\inncenter.centralpark.sanitysuite\target\classes;D:\Tasks\CP_Sanity\AUTOMATION-2264\inncenter.centralpark.sanitysuite\libs\java-json.jar;D:\Tasks\CP_Sanity\AUTOMATION-2264\inncenter.centralpark.sanitysuite\libs\json-simple-1.1.jar;C:\Users\naveen.banda\.m2\repository\junit\junit\4.12\junit-4.12.jar;C:\Users\naveen.banda\.m2\repository\org\testng\testng\6.9.9\testng-6.9.9.jar;C:\Users\naveen.banda\.m2\repository\com\beust\jcommander\1.48\jcommander-1.48.jar;C:\Users\naveen.banda\.m2\repository\org\apache\ant\ant\1.7.0\ant-1.7.0.jar;C:\Users\naveen.banda\.m2\repository\org\apache\ant\ant-launcher\1.7.0\ant-launcher-1.7.0.jar;C:\Users\naveen.banda\.m2\repository\org\yaml\snakeyaml\1.15\snakeyaml-1.15.jar;C:\Users\naveen.banda\.m2\repository\org\beanshell\bsh\2.0b4\bsh-2.0b4.jar;C:\Users
Launcher Type: SUN_STANDARD

Environment Variables:
JAVA_HOME=C:\Program Files\Java\jdk-11.0.8
JRE_HOME=C:\Program Files\Java\jre1.8.0_261\
PATH=C:/Program Files/Java/jre1.8.0_261/bin/server;C:/Program Files/Java/jre1.8.0_261/bin;C:/Program Files/Java/jre1.8.0_261/lib/amd64;C:\Program Files\Common Files\Oracle\Java\javapath;C:\Program Files (x86)\Common Files\Oracle\Java\javapath;C:\ProgramData\Oracle\Java\javapath;C:\WINDOWS\system32;C:\WINDOWS;C:\WINDOWS\System32\Wbem;C:\WINDOWS\System32\WindowsPowerShell\v1.0\;C:\Program Files (x86)\HP\IdrsOCR_15.2.10.1114\;C:\Program Files (x86)\Microsoft SQL Server\Client SDK\ODBC\130\Tools\Binn\;C:\Program Files (x86)\Microsoft SQL Server\130\Tools\Binn\;C:\Program Files (x86)\Microsoft SQL Server\130\DTS\Binn\;C:\Program Files (x86)\Microsoft SQL Server\130\Tools\Binn\ManagementStudio\;C:\Program Files\Java\jdk-11.0.8\bin;C:\Program Files\Java\jre1.8.0_261\bin;C:\Program Files\Git\cmd;C:\WINDOWS\System32\OpenSSH\;D:\Softwares\apache-maven-3.6.3-bin\apache-maven-3.6.3\bin;;C:\Program Files (x86)\Microsoft SQL Server\150\DTS\Binn\;C:\Users\naveen.banda\AppData\Local\Microsoft\WindowsApps;;C:\Program Files\Azure Data Studio\bin;D:\eclipse\eclipse;
USERNAME=naveen.banda
OS=Windows_NT
PROCESSOR_IDENTIFIER=Intel64 Family 6 Model 142 Stepping 9, GenuineIntel



---------------  S Y S T E M  ---------------

OS: Windows 10.0 , 64 bit Build 18362 (10.0.18362.1350)

CPU:total 4 (initial active 4) (2 cores per cpu, 2 threads per core) family 6 model 142 stepping 9, cmov, cx8, fxsr, mmx, sse, sse2, sse3, ssse3, sse4.1, sse4.2, popcnt, avx, avx2, aes, clmul, erms, 3dnowpref, lzcnt, ht, tsc, tscinvbit, bmi1, bmi2, adx

Memory: 4k page, physical 7620056k(1250748k free), swap 16167724k(4881360k free)

vm_info: Java HotSpot(TM) 64-Bit Server VM (25.261-b12) for windows-amd64 JRE (1.8.0_261-b12), built on Jun 18 2020 06:56:32 by "" with unknown MS VC++:1916

time: Tue Mar 16 17:31:59 2021
timezone: India Standard Time
elapsed time: 1603 seconds (0d 0h 26m 43s)

